make all --print-data-base --no-builtin-variables --no-builtin-rules --question
make: *** No rule to make target 'all'.  Stop.
 
# GNU Make 4.2.1
# Built for x86_64-pc-linux-gnu
# Copyright (C) 1988-2016 Free Software Foundation, Inc.
# License GPLv3+: GNU GPL version 3 or later <http://gnu.org/licenses/gpl.html>
# This is free software: you are free to change and redistribute it.
# There is NO WARRANTY, to the extent permitted by law.

# Make data base, printed on Fri Jun  4 14:19:01 2021

# Variables

# 'override' directive
GNUMAKEFLAGS := 
# automatic
<D = $(patsubst %/,%,$(dir $<))
# automatic
?F = $(notdir $?)
# environment
DESKTOP_SESSION = ubuntu
# default
.SHELLFLAGS := -c
# makefile (from 'Makefile', line 4)
OBJ = *.o
# environment
XDG_SESSION_CLASS = user
# makefile (from 'Makefile', line 2)
SRC = *.c
# environment
SNAP_COMMON = /var/snap/code/common
# environment
XDG_SESSION_TYPE = x11
# environment
VSCODE_LOG_NATIVE = false
# automatic
?D = $(patsubst %/,%,$(dir $?))
# environment
IM_CONFIG_PHASE = 1
# automatic
@D = $(patsubst %/,%,$(dir $@))
# environment
XAUTHORITY = /run/user/1000/gdm/Xauthority
# environment
GDMSESSION = ubuntu
# environment
XMODIFIERS = @im=ibus
# makefile
CURDIR := /home/ayoub/Work/Info/TP4
# makefile
SHELL = /bin/sh
# environment
SNAP_DATA = /var/snap/code/65
# environment
VSCODE_NLS_CONFIG = {"locale":"en-us","availableLanguages":{},"_languagePackSupport":true}
# environment
JOURNAL_STREAM = 8:44433
# environment
XDG_CONFIG_DIRS = /etc/xdg/xdg-ubuntu:/etc/xdg
# environment
SNAP_INSTANCE_NAME = code
# environment
SNAP_ARCH = amd64
# makefile (from 'Makefile', line 1)
MAKEFILE_LIST :=  Makefile
# automatic
@F = $(notdir $@)
# environment
GIO_LAUNCHED_DESKTOP_FILE = /var/lib/snapd/desktop/applications/code_code.desktop
# environment
USERNAME = ayoub
# environment
MAKELEVEL := 0
# environment
XDG_DATA_DIRS = /usr/share/ubuntu:/usr/local/share/:/usr/share/:/var/lib/snapd/desktop
# environment
DBUS_SESSION_BUS_ADDRESS = unix:path=/run/user/1000/bus
# environment
VSCODE_VERBOSE_LOGGING = true
# environment
_ = /snap/code/65/usr/share/code/code
# environment
MANAGERPID = 1497
# environment
LESSOPEN = | /usr/bin/lesspipe %s
# environment
LC_NAME = ar_MA.UTF-8
# environment
VSCODE_CWD = /home/ayoub
# environment
GSETTINGS_SCHEMA_DIR = /snap/code/65/usr/share/glib-2.0/schemas
# default
MAKE_HOST := x86_64-pc-linux-gnu
# environment
PATH = /home/ayoub/.local/bin:/home/ayoub/anaconda3/bin:/home/ayoub/anaconda3/condabin:/home/ayoub/.local/bin:/usr/local/sbin:/usr/local/bin:/usr/sbin:/usr/bin:/sbin:/bin:/usr/games:/usr/local/games:/snap/bin
# environment
GPG_AGENT_INFO = /run/user/1000/gnupg/S.gpg-agent:0:1
# environment
SESSION_MANAGER = local/Ayoub:@/tmp/.ICE-unix/1718,unix/Ayoub:/tmp/.ICE-unix/1718
# environment
XDG_RUNTIME_DIR = /run/user/1000
# environment
GDK_PIXBUF_MODULE_FILE = /home/ayoub/snap/code/common/.cache/gdk-pixbuf-loaders.cache
# environment
SNAP = /snap/code/65
# environment
SNAP_VERSION = 054a9295
# environment
CONDA_PREFIX = /home/ayoub/anaconda3
# environment
XDG_MENU_PREFIX = gnome-
# environment
VSCODE_LOG_STACK = false
# environment
DISABLE_WAYLAND = 1
# environment
VSCODE_CRASH_REPORTER_START_OPTIONS = {"companyName":"Microsoft","productName":"VSCode","submitURL":"appcenter://code?aid=fba07a4d-84bd-4fc8-a125-9640fc8ce171&uid=a17fc131-3eba-40cd-8f30-18374b0e8607&iid=a17fc131-3eba-40cd-8f30-18374b0e8607&sid=a17fc131-3eba-40cd-8f30-18374b0e8607","uploadToServer":true}
# environment
INVOCATION_ID = bc734c65495048df874cd0a55cdcddeb
# environment
GDK_PIXBUF_MODULEDIR = /snap/code/65/usr/lib/x86_64-linux-gnu/gdk-pixbuf-2.0/2.10.0/loaders
# default
.FEATURES := target-specific order-only second-expansion else-if shortest-stem undefine oneshell archives jobserver output-sync check-symlink load
# environment
LS_COLORS = 
# environment
XDG_SESSION_DESKTOP = ubuntu
# environment
SSH_AUTH_SOCK = /run/user/1000/keyring/ssh
# environment
GIO_LAUNCHED_DESKTOP_FILE_PID = 18307
# automatic
%F = $(notdir $%)
# environment
DISPLAY = :0
# environment
CONDA_EXE = /home/ayoub/anaconda3/bin/conda
# environment
VSCODE_PIPE_LOGGING = true
# environment
SNAP_INSTANCE_KEY = 
# environment
PWD = /home/ayoub/Work/Info/TP4
# default
.LOADED := 
# environment
SSH_AGENT_PID = 1675
# environment
ORIGINAL_XDG_CURRENT_DESKTOP = ubuntu:GNOME
# environment
GTK_MODULES = gail:atk-bridge
# environment
VSCODE_AMD_ENTRYPOINT = vs/workbench/services/extensions/node/extensionHostProcess
# environment
HOME = /home/ayoub
# environment
LESSCLOSE = /usr/bin/lesspipe %s %s
# environment
VSCODE_CLI = 1
# environment
LOGNAME = ayoub
# environment
APPLICATION_INSIGHTS_NO_DIAGNOSTIC_CHANNEL = true
# environment
SNAP_LIBRARY_PATH = /var/lib/snapd/lib/gl:/var/lib/snapd/lib/gl32:/var/lib/snapd/void
# environment
SNAP_CONTEXT = q6TrmfKD2th0chNXiAoekUgbsUQ9ZVFVYVGQA3cdIltlZNEhuBLX
# environment
CONDA_PROMPT_MODIFIER = (base) 
# automatic
+F = $(notdir $+)
# environment
ELECTRON_NO_ATTACH_CONSOLE = 1
# environment
SNAP_USER_COMMON = /home/ayoub/snap/code/common
# environment
VSCODE_HANDLES_UNCAUGHT_ERRORS = true
# environment
GNOME_DESKTOP_SESSION_ID = this-is-deprecated
# automatic
^D = $(patsubst %/,%,$(dir $^))
# environment
LC_TIME = ar_MA.UTF-8
# environment
SNAP_REAL_HOME = /home/ayoub
# environment
CONDA_DEFAULT_ENV = base
# default
MAKE = $(MAKE_COMMAND)
# default
MAKECMDGOALS := all
# environment
QT_IM_MODULE = ibus
# environment
SNAP_USER_DATA = /home/ayoub/snap/code/65
# environment
SHLVL = 0
# makefile (from 'Makefile', line 1)
CC = gcc
# environment
GNOME_SHELL_SESSION_MODE = ubuntu
# environment
VSCODE_IPC_HOOK_EXTHOST = /run/user/1000/vscode-ipc-7d2454ae-a1e5-455c-98d3-8ca04181c451.sock
# default
MAKE_VERSION := 4.2.1
# environment
USER = ayoub
# environment
SNAP_REVISION = 65
# environment
LC_MONETARY = ar_MA.UTF-8
# makefile
.DEFAULT_GOAL := TP
# environment
XDG_CURRENT_DESKTOP = Unity
# automatic
%D = $(patsubst %/,%,$(dir $%))
# environment
LC_TELEPHONE = ar_MA.UTF-8
# environment
CONDA_SHLVL = 1
# default
MAKE_COMMAND := make
# environment
VSCODE_NODE_CACHED_DATA_DIR = /home/ayoub/.config/Code/CachedData/054a9295330880ed74ceaedda236253b4f39a335
# default
.VARIABLES := 
# automatic
*F = $(notdir $*)
# environment
VSCODE_IPC_HOOK = /run/user/1000/vscode-6e623045-1.56.2-main.sock
# environment
BAMF_DESKTOP_FILE_HINT = /var/lib/snapd/desktop/applications/code_code.desktop
# makefile
MAKEFLAGS = pqrR
# environment
MFLAGS = -pqrR
# automatic
*D = $(patsubst %/,%,$(dir $*))
# environment
BREAKPAD_DUMP_LOCATION = /home/ayoub/.config/Code/exthost Crash Reports
# automatic
+D = $(patsubst %/,%,$(dir $+))
# environment
GDK_BACKEND = x11
# environment
LC_PAPER = ar_MA.UTF-8
# environment
LC_IDENTIFICATION = ar_MA.UTF-8
# environment
QT_ACCESSIBILITY = 1
# default
MAKEFILES := 
# environment
SNAP_COOKIE = q6TrmfKD2th0chNXiAoekUgbsUQ9ZVFVYVGQA3cdIltlZNEhuBLX
# environment
LC_NUMERIC = ar_MA.UTF-8
# automatic
<F = $(notdir $<)
# environment
ELECTRON_RUN_AS_NODE = 1
# environment
LC_MEASUREMENT = ar_MA.UTF-8
# environment
SNAP_NAME = code
# environment
LC_ALL = C
# environment
CONDA_PYTHON_EXE = /home/ayoub/anaconda3/bin/python
# environment
GJS_DEBUG_TOPICS = JS ERROR;JS LOG
# automatic
^F = $(notdir $^)
# makefile (from 'Makefile', line 3)
DEPS = *.h
# default
SUFFIXES := 
# environment
SNAP_REEXEC = 
# environment
_CE_M = 
# environment
CHROME_DESKTOP = code-url-handler.desktop
# environment
WINDOWPATH = 2
# default
.INCLUDE_DIRS = /usr/include /usr/local/include /usr/include
# environment
GJS_DEBUG_OUTPUT = stderr
# default
.RECIPEPREFIX := 
# environment
LC_ADDRESS = ar_MA.UTF-8
# environment
LANG = C
# environment
 
VSCODE_PID = 18350
# environment
_CE_CONDA = 
# variable set hash-table stats:
# Load=143/1024=14%, Rehash=0, Collisions=28/170=16%

# Pattern-specific Variable Values

# No pattern-specific variable values.

# Directories

# . (device 2054, inode 558265): 8 files, no impossibilities.

# 8 files, no impossibilities in 1 directories.

# Implicit Rules

%.o: %.c Tree.h
#  recipe to execute (from 'Makefile', line 7):
	$(CC) -c $(SRC)

# 1 implicit rules, 0 (0.0%) terminal.

# Files

# Not a target:
all:
#  Command line target.
#  Implicit rule search has been done.
#  File does not exist.
#  File has not been updated.

# Not a target:
*.o:
#  Implicit rule search has not been done.
#  Modification time never checked.
#  File has not been updated.

TP: *.o
#  Implicit rule search has not been done.
#  Modification time never checked.
#  File has not been updated.
#  recipe to execute (from 'Makefile', line 10):
	$(CC) -o TP $(SRC)
	./TP
	rm TP $(OBJ)

# Not a target:
Makefile:
#  Implicit rule search has been done.
#  Last modified 2021-06-04 14:18:03.166078133
#  File has been updated.
#  Successfully updated.

# Not a target:
.DEFAULT:
#  Implicit rule search has not been done.
#  Modification time never checked.
#  File has not been updated.

# files hash-table stats:
# Load=6/1024=1%, Rehash=0, Collisions=0/17=0%
# VPATH Search Paths

# No 'vpath' search paths.

# No general ('VPATH' variable) search path.

# strcache buffers: 1 (0) / strings = 17 / storage = 119 B / avg = 7 B
# current buf: size = 8162 B / used = 119 B / count = 17 / avg = 7 B

# strcache performance: lookups = 23 / hit rate = 26%
# hash-table stats:
# Load=17/8192=0%, Rehash=0, Collisions=2/23=9%
# Finished Make data base on Fri Jun  4 14:19:01 2021

 
